<?xml version="1.0" encoding="UTF-8"?>
<testng-results ignored="0" total="1" passed="1" failed="0" skipped="0">
  <reporter-output>
  </reporter-output>
  <suite started-at="2025-04-05T19:17:40 IST" name="Default suite" finished-at="2025-04-05T19:17:47 IST" duration-ms="7376">
    <groups>
    </groups>
    <test started-at="2025-04-05T19:17:40 IST" name="Default test" finished-at="2025-04-05T19:17:47 IST" duration-ms="7376">
      <class name="Day2.RestAssured.Json.get1">
        <test-method signature="getUser()[pri:0, instance:Day2.RestAssured.Json.get1@1f9f6368]" started-at="2025-04-05T19:17:40 IST" name="getUser" finished-at="2025-04-05T19:17:47 IST" duration-ms="7293" status="PASS">
          <reporter-output>
          </reporter-output>
        </test-method> <!-- getUser -->
      </class> <!-- Day2.RestAssured.Json.get1 -->
    </test> <!-- Default test -->
  </suite> <!-- Default suite -->
</testng-results>
